#
# There is insufficient memory for the Java Runtime Environment to continue.
# Native memory allocation (malloc) failed to allocate 1048576 bytes for AllocateHeap
# Possible reasons:
#   The system is out of physical RAM or swap space
#   In 32 bit mode, the process size limit was hit
# Possible solutions:
#   Reduce memory load on the system
#   Increase physical memory or swap space
#   Check if swap backing store is full
#   Use 64 bit Java on a 64 bit OS
#   Decrease Java heap size (-Xmx/-Xms)
#   Decrease number of Java threads
#   Decrease Java thread stack sizes (-Xss)
#   Set larger code cache with -XX:ReservedCodeCacheSize=
# This output file may be truncated or incomplete.
#
#  Out of Memory Error (memory/allocation.inline.hpp:61), pid=8644, tid=0x00000000000037d8
#
# JRE version:  (8.0_112-b15) (build )
# Java VM: Java HotSpot(TM) 64-Bit Server VM (25.112-b15 mixed mode windows-amd64 compressed oops)
# Failed to write core dump. Minidumps are not enabled by default on client versions of Windows
#

---------------  T H R E A D  ---------------

Current thread (0x0000000002eb0800):  JavaThread "Unknown thread" [_thread_in_vm, id=14296, stack(0x0000000002d80000,0x0000000002e80000)]

Stack: [0x0000000002d80000,0x0000000002e80000]
[error occurred during error reporting (printing stack bounds), id 0xc0000005]

Native frames: (J=compiled Java code, j=interpreted, Vv=VM code, C=native code)


---------------  P R O C E S S  ---------------

Java Threads: ( => current thread )

Other Threads:

=>0x0000000002eb0800 (exited) JavaThread "Unknown thread" [_thread_in_vm, id=14296, stack(0x0000000002d80000,0x0000000002e80000)]

VM state:not at safepoint (normal execution)

VM Mutex/Monitor currently owned by a thread: None

Heap:
 PSYoungGen      total 38400K, used 665K [0x00000000d5b00000, 0x00000000d8580000, 0x0000000100000000)
  eden space 33280K, 2% used [0x00000000d5b00000,0x00000000d5ba6670,0x00000000d7b80000)
  from space 5120K, 0% used [0x00000000d8080000,0x00000000d8080000,0x00000000d8580000)
  to   space 5120K, 0% used [0x00000000d7b80000,0x00000000d7b80000,0x00000000d8080000)
 ParOldGen       total 87552K, used 0K [0x0000000081000000, 0x0000000086580000, 0x00000000d5b00000)
  object space 87552K, 0% used [0x0000000081000000,0x0000000081000000,0x0000000086580000)
 Metaspace       used 770K, capacity 4480K, committed 4480K, reserved 1056768K
  class space    used 75K, capacity 384K, committed 384K, reserved 1048576K

Card table byte_map: [0x0000000012370000,0x0000000012770000] byte_map_base: 0x0000000011f68000

Marking Bits: (ParMarkBitMap*) 0x000000005d4da6d0
 Begin Bits: [0x0000000012e20000, 0x0000000014de0000)
 End Bits:   [0x0000000014de0000, 0x0000000016da0000)

Polling page: 0x0000000002e80000

CodeCache: size=245760Kb used=328Kb max_used=328Kb free=245431Kb
 bounds [0x0000000002fb0000, 0x0000000003220000, 0x0000000011fb0000]
 total_blobs=58 nmethods=0 adapters=38
 compilation: enabled

Compilation events (0 events):
No events

GC Heap History (0 events):
No events

Deoptimization events (0 events):
No events

Internal exceptions (0 events):
No events

Events (10 events):
Event: 0.018 loading class java/lang/Short
Event: 0.018 loading class java/lang/Short done
Event: 0.018 loading class java/lang/Integer
Event: 0.018 loading class java/lang/Integer done
Event: 0.018 loading class java/lang/Long
Event: 0.018 loading class java/lang/Long done
Event: 0.018 loading class java/lang/NullPointerException
Event: 0.019 loading class java/lang/NullPointerException done
Event: 0.019 loading class java/lang/ArithmeticException
Event: 0.019 loading class java/lang/ArithmeticException done


Dynamic libraries:
0x00007ff66e2c0000 - 0x00007ff66e2f7000 	C:\Program Files\Java\jdk1.8.0_112\bin\javaw.exe
0x00007ffd45010000 - 0x00007ffd451eb000 	C:\Windows\SYSTEM32\ntdll.dll
0x00007ffd42570000 - 0x00007ffd4261e000 	C:\Windows\System32\KERNEL32.DLL
0x00007ffd41a70000 - 0x00007ffd41cb9000 	C:\Windows\System32\KERNELBASE.dll
0x00007ffd44c50000 - 0x00007ffd44cf1000 	C:\Windows\System32\ADVAPI32.dll
0x00007ffd44650000 - 0x00007ffd446ed000 	C:\Windows\System32\msvcrt.dll
0x00007ffd43f90000 - 0x00007ffd43fe9000 	C:\Windows\System32\sechost.dll
0x00007ffd428d0000 - 0x00007ffd429f5000 	C:\Windows\System32\RPCRT4.dll
0x00007ffd44370000 - 0x00007ffd444ba000 	C:\Windows\System32\USER32.dll
0x00007ffd42550000 - 0x00007ffd4256e000 	C:\Windows\System32\win32u.dll
0x00007ffd42b10000 - 0x00007ffd42b37000 	C:\Windows\System32\GDI32.dll
0x00007ffd423c0000 - 0x00007ffd42549000 	C:\Windows\System32\gdi32full.dll
0x00007ffd419d0000 - 0x00007ffd41a6a000 	C:\Windows\System32\msvcp_win.dll
0x00007ffd41700000 - 0x00007ffd417f6000 	C:\Windows\System32\ucrtbase.dll
0x00007ffd343b0000 - 0x00007ffd34617000 	C:\Windows\WinSxS\amd64_microsoft.windows.common-controls_6595b64144ccf1df_6.0.15063.0_none_108e4f62dfe5d999\COMCTL32.dll
0x00007ffd44d00000 - 0x00007ffd44ff9000 	C:\Windows\System32\combase.dll
0x00007ffd41690000 - 0x00007ffd416fa000 	C:\Windows\System32\bcryptPrimitives.dll
0x00007ffd428a0000 - 0x00007ffd428cd000 	C:\Windows\System32\IMM32.DLL
0x000000005c9d0000 - 0x000000005caa2000 	C:\Program Files\Java\jdk1.8.0_112\jre\bin\msvcr100.dll
0x000000005ccc0000 - 0x000000005d55a000 	C:\Program Files\Java\jdk1.8.0_112\jre\bin\server\jvm.dll
0x00007ffd42810000 - 0x00007ffd42818000 	C:\Windows\System32\PSAPI.DLL
0x00007ffd3c240000 - 0x00007ffd3c24a000 	C:\Windows\SYSTEM32\VERSION.dll
0x00007ffd358a0000 - 0x00007ffd358a9000 	C:\Windows\SYSTEM32\WSOCK32.dll
0x00007ffd3f970000 - 0x00007ffd3f993000 	C:\Windows\SYSTEM32\WINMM.dll
0x00007ffd43ff0000 - 0x00007ffd4405c000 	C:\Windows\System32\WS2_32.dll
0x00007ffd3f910000 - 0x00007ffd3f93b000 	C:\Windows\SYSTEM32\winmmbase.dll
0x00007ffd41590000 - 0x00007ffd415d9000 	C:\Windows\System32\cfgmgr32.dll
0x000000005dbe0000 - 0x000000005dbef000 	C:\Program Files\Java\jdk1.8.0_112\jre\bin\verify.dll
0x000000005dbb0000 - 0x000000005dbd9000 	C:\Program Files\Java\jdk1.8.0_112\jre\bin\java.dll
0x000000005db90000 - 0x000000005dba6000 	C:\Program Files\Java\jdk1.8.0_112\jre\bin\zip.dll

VM Arguments:
jvm_args: -Dfile.encoding=Cp1252 
java_command: GamingPlatform
java_class_path (initial): C:\Users\matte\Desktop\ErreEnne-master (1)\ErreEnne-master\bin;D:\Download\mysql-connector-java-5.1.42\mysql-connector-java-5.1.42-bin.jar
Launcher Type: SUN_STANDARD

Environment Variables:
PATH=C:/Program Files/Java/jdk1.8.0_112/jre/bin/server;C:/Program Files/Java/jdk1.8.0_112/jre/bin;C:/Program Files/Java/jdk1.8.0_112/jre/lib/amd64;C:\Program Files (x86)\NVIDIA Corporation\PhysX\Common;C:\Program Files (x86)\Kingston SSD Toolbox;C:\Windows\system32;C:\Windows;C:\Windows\System32\Wbem;C:\Windows\System32\WindowsPowerShell\v1.0\;C:\Users\matte\AppData\Local\Microsoft\WindowsApps;C:\Users\matte\AppData\Local\atom\bin;C:\Windows\System32;
USERNAME=matte
LD_LIBRARY_PATH=C:\Program Files (x86)\Kingston SSD Toolbox
OS=Windows_NT
PROCESSOR_IDENTIFIER=Intel64 Family 6 Model 94 Stepping 3, GenuineIntel



---------------  S Y S T E M  ---------------

OS: Windows 10.0 , 64 bit Build 15063 (10.0.15063.296)

CPU:total 4 (4 cores per cpu, 1 threads per core) family 6 model 94 stepping 3, cmov, cx8, fxsr, mmx, sse, sse2, sse3, ssse3, sse4.1, sse4.2, popcnt, avx, avx2, aes, clmul, erms, rtm, 3dnowpref, lzcnt, tsc, tscinvbit, bmi1, bmi2, adx

Memory: 4k page, physical 8320688k(3744912k free), swap 22847916k(5712k free)

vm_info: Java HotSpot(TM) 64-Bit Server VM (25.112-b15) for windows-amd64 JRE (1.8.0_112-b15), built on Sep 22 2016 21:31:56 by "java_re" with MS VC++ 10.0 (VS2010)

time: Mon Jun 12 17:04:36 2017
elapsed time: 0 seconds (0d 0h 0m 0s)

